<?xml version="1.0" encoding="UTF-8"?>
<!-- Generated by org.testng.reporters.JUnitXMLReporter -->
<testsuite hostname="WL354278" ignored="0" name="Test" tests="9" failures="6" timestamp="13 paÅº 2019 20:16:16 GMT" time="171.026" errors="0">
  <testcase name="tempWindDefault" time="9.267" classname="practice.Weather_Settings_TemperatureWind"/>
  <testcase name="tomorrowLink" time="7.428" classname="practice.TV_Schedule_tomorrow">
    <failure type="junit.framework.ComparisonFailure" message="expected:&amp;lt;MON
14...&amp;gt; but was:&amp;lt;TODAY
13...&amp;gt;">
      <![CDATA[junit.framework.ComparisonFailure: expected:<MON
14...> but was:<TODAY
13...>
at junit.framework.Assert.assertEquals(Assert.java:81)
at junit.framework.Assert.assertEquals(Assert.java:87)
at practice.TV_Schedule_tomorrow.tomorrowLink(TV_Schedule_tomorrow.java:45)
... Removed 25 stack frames]]>
    </failure>
  </testcase> <!-- tomorrowLink -->
  <testcase name="regionsNavigation" time="11.202" classname="practice.TV_Schedule_regionsFewDays">
    <failure type="junit.framework.ComparisonFailure" message="expected:&amp;lt;...&amp;gt; but was:&amp;lt;...
13 OCT&amp;gt;">
      <![CDATA[junit.framework.ComparisonFailure: expected:<...> but was:<...
13 OCT>
at junit.framework.Assert.assertEquals(Assert.java:81)
at junit.framework.Assert.assertEquals(Assert.java:87)
at practice.TV_Schedule_regionsFewDays.regionsNavigation(TV_Schedule_regionsFewDays.java:44)
... Removed 25 stack frames]]>
    </failure>
  </testcase> <!-- regionsNavigation -->
  <testcase name="temperatureList" time="13.675" classname="practice.Weather_Settings_Temperature">
    <failure type="junit.framework.AssertionFailedError" message="Celsius temperature is not correctly calculated to Fahrenheit expected:&amp;lt;70.0&amp;gt; but was:&amp;lt;69.0&amp;gt;">
      <![CDATA[junit.framework.AssertionFailedError: Celsius temperature is not correctly calculated to Fahrenheit expected:<70.0> but was:<69.0>
at junit.framework.Assert.fail(Assert.java:47)
at junit.framework.Assert.failNotEquals(Assert.java:282)
at junit.framework.Assert.assertEquals(Assert.java:64)
at practice.Weather_Settings_Temperature.temperatureList(Weather_Settings_Temperature.java:56)
... Removed 25 stack frames]]>
    </failure>
  </testcase> <!-- temperatureList -->
  <testcase name="windSpeedList" time="20.047" classname="practice.Weather_Settings_Wind">
    <failure type="org.openqa.selenium.NoSuchElementException" message="no such element: Unable to locate element: {&amp;quot;method&amp;quot;:&amp;quot;xpath&amp;quot;,&amp;quot;selector&amp;quot;:&amp;quot;//*[@id=&amp;apos;site-container&amp;apos;]/div[6]/div/div/div[2]/div[3]/span[3]/span/span[@class=&amp;apos;wr-value--windspeed wr-value--windspeed--mph&amp;apos;]&amp;quot;}
  (Session info: chrome=77.0.3865.90)
For documentation on this error, please visit: https://www.seleniumhq.org/exceptions/no_such_element.html
Build info: version: &amp;apos;3.141.59&amp;apos;, revision: &amp;apos;e82be7d358&amp;apos;, time: &amp;apos;2018-11-14T08:25:48&amp;apos;
System info: host: &amp;apos;WL354278&amp;apos;, ip: &amp;apos;192.168.0.103&amp;apos;, os.name: &amp;apos;Windows 10&amp;apos;, os.arch: &amp;apos;x86&amp;apos;, os.version: &amp;apos;10.0&amp;apos;, java.version: &amp;apos;1.8.0_131&amp;apos;
Driver info: org.openqa.selenium.chrome.ChromeDriver
Capabilities {acceptInsecureCerts: false, browserName: chrome, browserVersion: 77.0.3865.90, chrome: {chromedriverVersion: 77.0.3865.40 (f484704e052e0..., userDataDir: C:\Users\hrycijoa\AppData\L...}, goog:chromeOptions: {debuggerAddress: localhost:55276}, javascriptEnabled: true, networkConnectionEnabled: false, pageLoadStrategy: normal, platform: XP, platformName: XP, proxy: Proxy(), setWindowRect: true, strictFileInteractability: false, timeouts: {implicit: 0, pageLoad: 300000, script: 30000}, unhandledPromptBehavior: dismiss and notify}
Session ID: 03cead5182b8b968456397fd711b6c4b
*** Element info: {Using=xpath, value=//*[@id=&amp;apos;site-container&amp;apos;]/div[6]/div/div/div[2]/div[3]/span[3]/span/span[@class=&amp;apos;wr-value--windspeed wr-value--windspeed--mph&amp;apos;]}">
      <![CDATA[org.openqa.selenium.NoSuchElementException: no such element: Unable to locate element: {"method":"xpath","selector":"//*[@id='site-container']/div[6]/div/div/div[2]/div[3]/span[3]/span/span[@class='wr-value--windspeed wr-value--windspeed--mph']"}
  (Session info: chrome=77.0.3865.90)
For documentation on this error, please visit: https://www.seleniumhq.org/exceptions/no_such_element.html
Build info: version: '3.141.59', revision: 'e82be7d358', time: '2018-11-14T08:25:48'
System info: host: 'WL354278', ip: '192.168.0.103', os.name: 'Windows 10', os.arch: 'x86', os.version: '10.0', java.version: '1.8.0_131'
Driver info: org.openqa.selenium.chrome.ChromeDriver
Capabilities {acceptInsecureCerts: false, browserName: chrome, browserVersion: 77.0.3865.90, chrome: {chromedriverVersion: 77.0.3865.40 (f484704e052e0..., userDataDir: C:\Users\hrycijoa\AppData\L...}, goog:chromeOptions: {debuggerAddress: localhost:55276}, javascriptEnabled: true, networkConnectionEnabled: false, pageLoadStrategy: normal, platform: XP, platformName: XP, proxy: Proxy(), setWindowRect: true, strictFileInteractability: false, timeouts: {implicit: 0, pageLoad: 300000, script: 30000}, unhandledPromptBehavior: dismiss and notify}
Session ID: 03cead5182b8b968456397fd711b6c4b
*** Element info: {Using=xpath, value=//*[@id='site-container']/div[6]/div/div/div[2]/div[3]/span[3]/span/span[@class='wr-value--windspeed wr-value--windspeed--mph']}
at org.openqa.selenium.remote.http.W3CHttpResponseCodec.createException(W3CHttpResponseCodec.java:187)
at org.openqa.selenium.remote.http.W3CHttpResponseCodec.decode(W3CHttpResponseCodec.java:122)
at org.openqa.selenium.remote.http.W3CHttpResponseCodec.decode(W3CHttpResponseCodec.java:49)
at org.openqa.selenium.remote.HttpCommandExecutor.execute(HttpCommandExecutor.java:158)
at org.openqa.selenium.remote.service.DriverCommandExecutor.execute(DriverCommandExecutor.java:83)
at org.openqa.selenium.remote.RemoteWebDriver.execute(RemoteWebDriver.java:552)
at org.openqa.selenium.remote.RemoteWebDriver.findElement(RemoteWebDriver.java:323)
at org.openqa.selenium.remote.RemoteWebDriver.findElementByXPath(RemoteWebDriver.java:428)
at org.openqa.selenium.By$ByXPath.findElement(By.java:353)
at org.openqa.selenium.remote.RemoteWebDriver.findElement(RemoteWebDriver.java:315)
at practice.Weather_Settings_Wind.windSpeedList(Weather_Settings_Wind.java:42)
... Removed 29 stack frames]]>
    </failure>
  </testcase> <!-- windSpeedList -->
  <testcase name="todaySchedule" time="7.414" classname="practice.TV_Schedule_today"/>
  <testcase name="mainMenuTabs" time="53.673" classname="practice.HomePage_TopMenu_NewWindows">
    <failure type="java.lang.AssertionError" message="Lists differ at element [2]: BBC - Future - Home != BBC - Homepage expected [BBC - Future - Home] but found [BBC - Homepage]">
      <![CDATA[java.lang.AssertionError: Lists differ at element [2]: BBC - Future - Home != BBC - Homepage expected [BBC - Future - Home] but found [BBC - Homepage]
at practice.HomePage_TopMenu_NewWindows.mainMenuTabs(HomePage_TopMenu_NewWindows.java:108)
... Removed 30 stack frames]]>
    </failure>
  </testcase> <!-- mainMenuTabs -->
  <testcase name="cookiesPolicy" time="13.565" classname="practice.HomePage_Cookies">
    <failure type="junit.framework.ComparisonFailure" message="2nd cookie main description is incorrect expected:&amp;lt;...technologies, such as cookies, and collect browsing data to give you the best online experience and to personalise the content and advertising shown to you...&amp;gt; but was:&amp;lt;...cookies to give you the best online experience, including to personalise advertising and content. Data about your interaction with this site and the ads shown to you may be shared with companies involved in the delivery and/or personalisation of ads on this site and elsewhere online...&amp;gt;">
      <![CDATA[junit.framework.ComparisonFailure: 2nd cookie main description is incorrect expected:<...technologies, such as cookies, and collect browsing data to give you the best online experience and to personalise the content and advertising shown to you...> but was:<...cookies to give you the best online experience, including to personalise advertising and content. Data about your interaction with this site and the ads shown to you may be shared with companies involved in the delivery and/or personalisation of ads on this site and elsewhere online...>
at junit.framework.Assert.assertEquals(Assert.java:81)
at practice.HomePage_Cookies.cookiesPolicy(HomePage_Cookies.java:69)
... Removed 25 stack frames]]>
    </failure>
  </testcase> <!-- cookiesPolicy -->
  <testcase name="languageList" time="34.695" classname="practice.Weather_Settings_Language"/>
</testsuite> <!-- Test -->
